<?xml version="1.0" encoding="UTF-8"?>
<!-- Generated by org.testng.reporters.JUnitXMLReporter -->
<testsuite ignored="1" hostname="HEAVEN" failures="0" tests="2" name="GroupTesting" time="0.127" errors="0" timestamp="2023-11-22T11:53:27 IST">
  <testcase classname="practicalexam.groups.Groups" name="testcase1" time="0.034"/>
  <testcase classname="practicalexam.groups.Groups" name="testcase2" time="0.003"/>
  <testcase classname="practicalexam.groups.Groups" name="testcase3" time="0.0">
    <ignored/>
  </testcase> <!-- testcase3 -->
</testsuite> <!-- GroupTesting -->
