<?xml version="1.0" encoding="UTF-8"?>
<testng-results ignored="0" total="3" passed="3" failed="0" skipped="0">
  <reporter-output>
  </reporter-output>
  <suite started-at="2023-12-01T12:39:33 IST" name="Default suite" finished-at="2023-12-01T12:39:54 IST" duration-ms="21609">
    <groups>
    </groups>
    <test started-at="2023-12-01T12:39:33 IST" name="Default test" finished-at="2023-12-01T12:39:54 IST" duration-ms="21609">
      <class name="practicalexam.slip5.DataProvider">
        <test-method signature="googleSearch(java.lang.String,java.lang.String)[pri:0, instance:practicalexam.slip5.DataProvider@38d8f54a]" started-at="2023-12-01T12:39:33 IST" name="googleSearch" data-provider="searchData" finished-at="2023-12-01T12:39:42 IST" duration-ms="8937" status="PASS">
          <params>
            <param index="0">
              <value>
                <![CDATA[India]]>
              </value>
            </param>
            <param index="1">
              <value>
                <![CDATA[Quitab Minar]]>
              </value>
            </param>
          </params>
          <reporter-output>
          </reporter-output>
        </test-method> <!-- googleSearch -->
        <test-method signature="googleSearch(java.lang.String,java.lang.String)[pri:0, instance:practicalexam.slip5.DataProvider@38d8f54a]" started-at="2023-12-01T12:39:42 IST" name="googleSearch" data-provider="searchData" finished-at="2023-12-01T12:39:48 IST" duration-ms="6501" status="PASS">
          <params>
            <param index="0">
              <value>
                <![CDATA[Agra]]>
              </value>
            </param>
            <param index="1">
              <value>
                <![CDATA[Taj Mahal]]>
              </value>
            </param>
          </params>
          <reporter-output>
          </reporter-output>
        </test-method> <!-- googleSearch -->
        <test-method signature="googleSearch(java.lang.String,java.lang.String)[pri:0, instance:practicalexam.slip5.DataProvider@38d8f54a]" started-at="2023-12-01T12:39:48 IST" name="googleSearch" data-provider="searchData" finished-at="2023-12-01T12:39:54 IST" duration-ms="6110" status="PASS">
          <params>
            <param index="0">
              <value>
                <![CDATA[Hyderabad]]>
              </value>
            </param>
            <param index="1">
              <value>
                <![CDATA[Charminar]]>
              </value>
            </param>
          </params>
          <reporter-output>
          </reporter-output>
        </test-method> <!-- googleSearch -->
      </class> <!-- practicalexam.slip5.DataProvider -->
    </test> <!-- Default test -->
  </suite> <!-- Default suite -->
</testng-results>
