<?xml version="1.0" encoding="UTF-8"?>
<testng-results ignored="0" total="2" passed="2" failed="0" skipped="0">
  <reporter-output>
  </reporter-output>
  <suite started-at="2023-11-22T12:27:21 IST" name="Default suite" finished-at="2023-11-22T12:27:24 IST" duration-ms="2973">
    <groups>
    </groups>
    <test started-at="2023-11-22T12:27:21 IST" name="Default test" finished-at="2023-11-22T12:27:24 IST" duration-ms="2973">
      <class name="pratcticalexam.slip11.ParallelTest">
        <test-method is-config="true" signature="setup()[pri:0, instance:pratcticalexam.slip11.ParallelTest@3270d194]" started-at="2023-11-22T12:27:21 IST" name="setup" finished-at="2023-11-22T12:27:24 IST" duration-ms="2598" status="PASS">
          <reporter-output>
          </reporter-output>
        </test-method> <!-- setup -->
        <test-method signature="verifyLogo()[pri:0, instance:pratcticalexam.slip11.ParallelTest@3270d194]" started-at="2023-11-22T12:27:24 IST" name="verifyLogo" finished-at="2023-11-22T12:27:24 IST" duration-ms="99" status="PASS">
          <reporter-output>
          </reporter-output>
        </test-method> <!-- verifyLogo -->
        <test-method signature="verifyPageTitle()[pri:0, instance:pratcticalexam.slip11.ParallelTest@3270d194]" started-at="2023-11-22T12:27:24 IST" name="verifyPageTitle" finished-at="2023-11-22T12:27:24 IST" duration-ms="19" status="PASS">
          <reporter-output>
          </reporter-output>
        </test-method> <!-- verifyPageTitle -->
        <test-method is-config="true" signature="teardown()[pri:0, instance:pratcticalexam.slip11.ParallelTest@3270d194]" started-at="2023-11-22T12:27:24 IST" name="teardown" finished-at="2023-11-22T12:27:24 IST" duration-ms="200" status="PASS">
          <reporter-output>
          </reporter-output>
        </test-method> <!-- teardown -->
      </class> <!-- pratcticalexam.slip11.ParallelTest -->
    </test> <!-- Default test -->
  </suite> <!-- Default suite -->
</testng-results>
