<?xml version="1.0" encoding="UTF-8"?>
<!-- Generated by org.testng.reporters.JUnitXMLReporter -->
<testsuite ignored="0" hostname="HEAVEN" failures="0" tests="3" name="Default test" time="21.609" errors="0" timestamp="2023-12-01T12:39:54 IST">
  <testcase classname="practicalexam.slip5.DataProvider" name="googleSearch" time="8.937"/>
  <testcase classname="practicalexam.slip5.DataProvider" name="googleSearch" time="6.501"/>
  <testcase classname="practicalexam.slip5.DataProvider" name="googleSearch" time="6.11"/>
</testsuite> <!-- Default test -->
